<?xml version="1.0" encoding="UTF-8"?>
<!-- Generated by org.testng.reporters.JUnitXMLReporter -->
<testsuite ignored="0" hostname="GovindMaddala" failures="1" tests="3" name="Test1" time="67.431" errors="0" timestamp="2022-05-04T09:16:52 IST">
  <testcase classname="testCases.TC_1_RegistrationTest" name="details" time="1.429">
    <failure type="java.lang.AssertionError">
      <![CDATA[java.lang.AssertionError
at org.junit.Assert.fail(Assert.java:86)
at org.junit.Assert.assertTrue(Assert.java:41)
at org.junit.Assert.assertTrue(Assert.java:52)
at testCases.TC_1_RegistrationTest.details(TC_1_RegistrationTest.java:58)
at java.base/java.util.ArrayList.forEach(ArrayList.java:1511)
... Removed 27 stack frames]]>
    </failure>
  </testcase> <!-- details -->
  <testcase classname="testCases.TC_1_RegistrationTest" name="details" time="15.001"/>
  <testcase classname="testCases.TC_1_RegistrationTest" name="terms" time="6.042"/>
</testsuite> <!-- Test1 -->
