<?xml version="1.0" encoding="UTF-8"?>
<!-- Generated by org.testng.reporters.JUnitXMLReporter -->
<testsuite ignored="0" hostname="GovindMaddala" failures="1" tests="3" name="Test" time="49.11" errors="0" timestamp="2022-05-07T11:42:23 IST">
  <testcase classname="testCases.TC_1_RegistrationTest" name="details" time="0.862">
    <failure type="java.lang.AssertionError">
      <![CDATA[java.lang.AssertionError
at org.junit.Assert.fail(Assert.java:86)
at org.junit.Assert.assertTrue(Assert.java:41)
at org.junit.Assert.assertTrue(Assert.java:52)
at testCases.TC_1_RegistrationTest.details(TC_1_RegistrationTest.java:58)
at java.base/java.util.ArrayList.forEach(ArrayList.java:1511)
... Removed 27 stack frames]]>
    </failure>
  </testcase> <!-- details -->
  <testcase classname="testCases.TC_1_RegistrationTest" name="details" time="10.689"/>
  <testcase classname="testCases.TC_1_RegistrationTest" name="terms" time="4.303"/>
</testsuite> <!-- Test -->
